# JRE version: Java(TM) SE Runtime Environment (8.0_20-b26) (build 1.8.0_20-b26)
# Java VM: Java HotSpot(TM) 64-Bit Server VM (25.20-b23 mixed mode linux-amd64 compressed oops)
Heap:
 PSYoungGen      total 24064K, used 22228K [0x00000000d7200000, 0x00000000d8a80000, 0x0000000100000000)
  eden space 23552K, 94% used [0x00000000d7200000,0x00000000d87a5378,0x00000000d8900000)
  from space 512K, 12% used [0x00000000d8980000,0x00000000d8990000,0x00000000d8a00000)
  to   space 512K, 0% used [0x00000000d8a00000,0x00000000d8a00000,0x00000000d8a80000)
 ParOldGen       total 84992K, used 30116K [0x0000000085600000, 0x000000008a900000, 0x00000000d7200000)
  object space 84992K, 35% used [0x0000000085600000,0x00000000873691c0,0x000000008a900000)
 Metaspace       used 15317K, capacity 15452K, committed 15744K, reserved 1062912K
  class space    used 1513K, capacity 1537K, committed 1664K, reserved 1048576K
GC Heap History (10 events):
Event: 30572,913 GC heap before
{Heap before GC invocations=1835 (full 0):
 PSYoungGen      total 24064K, used 23648K [0x00000000d7200000, 0x00000000d8a80000, 0x0000000100000000)
  eden space 23552K, 100% used [0x00000000d7200000,0x00000000d8900000,0x00000000d8900000)
  from space 512K, 18% used [0x00000000d8a00000,0x00000000d8a18000,0x00000000d8a80000)
  to   space 512K, 0% used [0x00000000d8980000,0x00000000d8980000,0x00000000d8a00000)
 ParOldGen       total 84992K, used 30044K [0x0000000085600000, 0x000000008a900000, 0x00000000d7200000)
  object space 84992K, 35% used [0x0000000085600000,0x0000000087357180,0x000000008a900000)
 Metaspace       used 15273K, capacity 15452K, committed 15744K, reserved 1062912K
  class space    used 1504K, capacity 1537K, committed 1664K, reserved 1048576K
Event: 30572,915 GC heap after
Heap after GC invocations=1835 (full 0):
 PSYoungGen      total 24064K, used 96K [0x00000000d7200000, 0x00000000d8a80000, 0x0000000100000000)
  eden space 23552K, 0% used [0x00000000d7200000,0x00000000d7200000,0x00000000d8900000)
  from space 512K, 18% used [0x00000000d8980000,0x00000000d8998000,0x00000000d8a00000)
  to   space 512K, 0% used [0x00000000d8a00000,0x00000000d8a00000,0x00000000d8a80000)
 ParOldGen       total 84992K, used 30076K [0x0000000085600000, 0x000000008a900000, 0x00000000d7200000)
  object space 84992K, 35% used [0x0000000085600000,0x000000008735f1a0,0x000000008a900000)
 Metaspace       used 15273K, capacity 15452K, committed 15744K, reserved 1062912K
  class space    used 1504K, capacity 1537K, committed 1664K, reserved 1048576K
}
Event: 30580,214 GC heap before
{Heap before GC invocations=1836 (full 0):
 PSYoungGen      total 24064K, used 23648K [0x00000000d7200000, 0x00000000d8a80000, 0x0000000100000000)
  eden space 23552K, 100% used [0x00000000d7200000,0x00000000d8900000,0x00000000d8900000)
  from space 512K, 18% used [0x00000000d8980000,0x00000000d8998000,0x00000000d8a00000)
  to   space 512K, 0% used [0x00000000d8a00000,0x00000000d8a00000,0x00000000d8a80000)
 ParOldGen       total 84992K, used 30076K [0x0000000085600000, 0x000000008a900000, 0x00000000d7200000)
  object space 84992K, 35% used [0x0000000085600000,0x000000008735f1a0,0x000000008a900000)
 Metaspace       used 15273K, capacity 15452K, committed 15744K, reserved 1062912K
  class space    used 1504K, capacity 1537K, committed 1664K, reserved 1048576K
Event: 30580,216 GC heap after
Heap after GC invocations=1836 (full 0):
 PSYoungGen      total 24064K, used 32K [0x00000000d7200000, 0x00000000d8a80000, 0x0000000100000000)
  eden space 23552K, 0% used [0x00000000d7200000,0x00000000d7200000,0x00000000d8900000)
  from space 512K, 6% used [0x00000000d8a00000,0x00000000d8a08000,0x00000000d8a80000)
  to   space 512K, 0% used [0x00000000d8980000,0x00000000d8980000,0x00000000d8a00000)
 ParOldGen       total 84992K, used 30076K [0x0000000085600000, 0x000000008a900000, 0x00000000d7200000)
  object space 84992K, 35% used [0x0000000085600000,0x000000008735f1a0,0x000000008a900000)
 Metaspace       used 15273K, capacity 15452K, committed 15744K, reserved 1062912K
  class space    used 1504K, capacity 1537K, committed 1664K, reserved 1048576K
}
Event: 30609,925 GC heap before
{Heap before GC invocations=1837 (full 0):
 PSYoungGen      total 24064K, used 23584K [0x00000000d7200000, 0x00000000d8a80000, 0x0000000100000000)
  eden space 23552K, 100% used [0x00000000d7200000,0x00000000d8900000,0x00000000d8900000)
  from space 512K, 6% used [0x00000000d8a00000,0x00000000d8a08000,0x00000000d8a80000)
  to   space 512K, 0% used [0x00000000d8980000,0x00000000d8980000,0x00000000d8a00000)
 ParOldGen       total 84992K, used 30076K [0x0000000085600000, 0x000000008a900000, 0x00000000d7200000)
  object space 84992K, 35% used [0x0000000085600000,0x000000008735f1a0,0x000000008a900000)
 Metaspace       used 15273K, capacity 15452K, committed 15744K, reserved 1062912K
  class space    used 1504K, capacity 1537K, committed 1664K, reserved 1048576K
Event: 30609,927 GC heap after
Heap after GC invocations=1837 (full 0):
 PSYoungGen      total 24064K, used 64K [0x00000000d7200000, 0x00000000d8a80000, 0x0000000100000000)
  eden space 23552K, 0% used [0x00000000d7200000,0x00000000d7200000,0x00000000d8900000)
  from space 512K, 12% used [0x00000000d8980000,0x00000000d8990000,0x00000000d8a00000)
  to   space 512K, 0% used [0x00000000d8a00000,0x00000000d8a00000,0x00000000d8a80000)
 ParOldGen       total 84992K, used 30076K [0x0000000085600000, 0x000000008a900000, 0x00000000d7200000)
  object space 84992K, 35% used [0x0000000085600000,0x000000008735f1a0,0x000000008a900000)
 Metaspace       used 15273K, capacity 15452K, committed 15744K, reserved 1062912K
  class space    used 1504K, capacity 1537K, committed 1664K, reserved 1048576K
}
Event: 30617,178 GC heap before
{Heap before GC invocations=1838 (full 0):
 PSYoungGen      total 24064K, used 23616K [0x00000000d7200000, 0x00000000d8a80000, 0x0000000100000000)
  eden space 23552K, 100% used [0x00000000d7200000,0x00000000d8900000,0x00000000d8900000)
  from space 512K, 12% used [0x00000000d8980000,0x00000000d8990000,0x00000000d8a00000)
  to   space 512K, 0% used [0x00000000d8a00000,0x00000000d8a00000,0x00000000d8a80000)
 ParOldGen       total 84992K, used 30076K [0x0000000085600000, 0x000000008a900000, 0x00000000d7200000)
  object space 84992K, 35% used [0x0000000085600000,0x000000008735f1a0,0x000000008a900000)
 Metaspace       used 15273K, capacity 15452K, committed 15744K, reserved 1062912K
  class space    used 1504K, capacity 1537K, committed 1664K, reserved 1048576K
Event: 30617,180 GC heap after
Heap after GC invocations=1838 (full 0):
 PSYoungGen      total 24064K, used 32K [0x00000000d7200000, 0x00000000d8a80000, 0x0000000100000000)
  eden space 23552K, 0% used [0x00000000d7200000,0x00000000d7200000,0x00000000d8900000)
  from space 512K, 6% used [0x00000000d8a00000,0x00000000d8a08000,0x00000000d8a80000)
  to   space 512K, 0% used [0x00000000d8980000,0x00000000d8980000,0x00000000d8a00000)
 ParOldGen       total 84992K, used 30116K [0x0000000085600000, 0x000000008a900000, 0x00000000d7200000)
  object space 84992K, 35% used [0x0000000085600000,0x00000000873691c0,0x000000008a900000)
 Metaspace       used 15273K, capacity 15452K, committed 15744K, reserved 1062912K
  class space    used 1504K, capacity 1537K, committed 1664K, reserved 1048576K
}
Event: 30624,482 GC heap before
{Heap before GC invocations=1839 (full 0):
 PSYoungGen      total 24064K, used 23584K [0x00000000d7200000, 0x00000000d8a80000, 0x0000000100000000)
  eden space 23552K, 100% used [0x00000000d7200000,0x00000000d8900000,0x00000000d8900000)
  from space 512K, 6% used [0x00000000d8a00000,0x00000000d8a08000,0x00000000d8a80000)
  to   space 512K, 0% used [0x00000000d8980000,0x00000000d8980000,0x00000000d8a00000)
 ParOldGen       total 84992K, used 30116K [0x0000000085600000, 0x000000008a900000, 0x00000000d7200000)
  object space 84992K, 35% used [0x0000000085600000,0x00000000873691c0,0x000000008a900000)
 Metaspace       used 15273K, capacity 15452K, committed 15744K, reserved 1062912K
  class space    used 1504K, capacity 1537K, committed 1664K, reserved 1048576K
Event: 30624,483 GC heap after
Heap after GC invocations=1839 (full 0):
 PSYoungGen      total 24064K, used 64K [0x00000000d7200000, 0x00000000d8a80000, 0x0000000100000000)
  eden space 23552K, 0% used [0x00000000d7200000,0x00000000d7200000,0x00000000d8900000)
  from space 512K, 12% used [0x00000000d8980000,0x00000000d8990000,0x00000000d8a00000)
  to   space 512K, 0% used [0x00000000d8a00000,0x00000000d8a00000,0x00000000d8a80000)
 ParOldGen       total 84992K, used 30116K [0x0000000085600000, 0x000000008a900000, 0x00000000d7200000)
  object space 84992K, 35% used [0x0000000085600000,0x00000000873691c0,0x000000008a900000)
 Metaspace       used 15273K, capacity 15452K, committed 15744K, reserved 1062912K
  class space    used 1504K, capacity 1537K, committed 1664K, reserved 1048576K
}

